Using pre-set license
Built from '2020.3/release' branch; Version is '2020.3.12f1 (b3b2c6512326) revision 11776710'; Using compiler version '192528614'; Build Type 'Release'
OS: 'Windows 10 Enterprise; OS build 19042.1110; Version 2009; 64bit' Language: 'en' Physical Memory: 16226 MB
BatchMode: 1, IsHumanControllingUs: 0, StartBugReporterOnCrash: 0, Is64bit: 1, IsPro: 0

 COMMAND LINE ARGUMENTS:
C:\Program Files\Unity\Hub\Editor\2020.3.12f1\Editor\Unity.exe
-adb2
-batchMode
-noUpm
-name
AssetImportWorker0
-projectPath
D:/Project Unity/Tanks
-logFile
Logs/AssetImportWorker0.log
-srvPort
54627
Successfully changed project path to: D:/Project Unity/Tanks
D:/Project Unity/Tanks
Using Asset Import Pipeline V2.
Refreshing native plugins compatible for Editor in 60.71 ms, found 2 plugins.
Preloading 0 native plugins for Editor in 0.00 ms.
Initialize engine version: 2020.3.12f1 (b3b2c6512326)
[Subsystems] Discovering subsystems at path C:/Program Files/Unity/Hub/Editor/2020.3.12f1/Editor/Data/Resources/UnitySubsystems
[Subsystems] Discovering subsystems at path D:/Project Unity/Tanks/Assets
GfxDevice: creating device client; threaded=0
Direct3D:
    Version:  Direct3D 11.0 [level 11.1]
    Renderer: NVIDIA GeForce GTX 1050 Ti (ID=0x1c8c)
    Vendor:   
    VRAM:     4018 MB
    Driver:   26.21.14.4219
Initialize mono
Mono path[0] = 'C:/Program Files/Unity/Hub/Editor/2020.3.12f1/Editor/Data/Managed'
Mono path[1] = 'C:/Program Files/Unity/Hub/Editor/2020.3.12f1/Editor/Data/MonoBleedingEdge/lib/mono/unityjit'
Mono config path = 'C:/Program Files/Unity/Hub/Editor/2020.3.12f1/Editor/Data/MonoBleedingEdge/etc'
Using monoOptions --debugger-agent=transport=dt_socket,embedding=1,server=y,suspend=n,address=127.0.0.1:56488
Begin MonoManager ReloadAssembly
Registering precompiled unity dll's ...
Register platform support module: C:/Program Files/Unity/Hub/Editor/2020.3.12f1/Editor/Data/PlaybackEngines/WindowsStandaloneSupport/UnityEditor.WindowsStandalone.Extensions.dll
Registered in 0.170602 seconds.
Native extension for WindowsStandalone target not found
Refreshing native plugins compatible for Editor in 51.46 ms, found 2 plugins.
Preloading 0 native plugins for Editor in 0.00 ms.
Mono: successfully reloaded assembly
- Completed reload, in  5.207 seconds
Platform modules already initialized, skipping
Registering precompiled user dll's ...
Registered in 0.945822 seconds.
Begin MonoManager ReloadAssembly
Native extension for WindowsStandalone target not found
Refreshing native plugins compatible for Editor in 0.68 ms, found 2 plugins.
Preloading 0 native plugins for Editor in 0.00 ms.
Mono: successfully reloaded assembly
- Completed reload, in  6.333 seconds
Platform modules already initialized, skipping
========================================================================
Worker process is ready to serve import requests
Launched and connected shader compiler UnityShaderCompiler.exe after 0.07 seconds
Refreshing native plugins compatible for Editor in 1.13 ms, found 2 plugins.
Preloading 0 native plugins for Editor in 0.00 ms.
Unloading 1769 Unused Serialized files (Serialized files now loaded: 0)
System memory in use before: 80.9 MB.
System memory in use after: 81.0 MB.

Unloading 44 unused Assets to reduce memory usage. Loaded Objects now: 2190.
Total: 3.923100 ms (FindLiveObjects: 0.477600 ms CreateObjectMapping: 0.190500 ms MarkObjects: 3.064700 ms  DeleteObjects: 0.187400 ms)

AssetImportParameters requested are different than current active one (requested -> active):
  custom:framework-win-MediaFoundation: 216162199b28c13a410421893ffa2e32 -> 
  custom:video-decoder-ogg-theora: a1e56fd34408186e4bbccfd4996cb3dc -> 
  custom:container-muxer-webm: aa71ff27fc2769a1b78a27578f13a17b -> 
  custom:container-demuxer-webm: 4f35f7cbe854078d1ac9338744f61a02 -> 
  custom:container-demuxer-ogg: 62fdf1f143b41e24485cea50d1cbac27 -> 
  custom:video-encoder-webm-vp8: eb34c28f22e8b96e1ab97ce403110664 -> 
  custom:video-decoder-webm-vp8: 9c59270c3fd7afecdb556c50c9e8de78 -> 
  custom:audio-decoder-ogg-vorbis: bf7c407c2cedff20999df2af8eb42d56 -> 
  custom:audio-encoder-webm-vorbis: bf7c407c2cedff20999df2af8eb42d56 -> 
========================================================================
Received Import Request.
  path: Assets/Scripts/Camera/CameraControl.cs
  artifactKey: Guid(c54e3c1f18f8cbb49b10f5e2dc8a1865) Importer(815301076,1909f56bfc062723c751e8b465ee728b)
Start importing Assets/Scripts/Camera/CameraControl.cs using Guid(c54e3c1f18f8cbb49b10f5e2dc8a1865) Importer(815301076,1909f56bfc062723c751e8b465ee728b)  -> (artifact id: 'f324ce4933bc83020071e57b9ccbd5ee') in 0.067701 seconds 
  Import took 0.073831 seconds .

========================================================================
Received Import Request.
  Time since last request: 3.488000 seconds.
  path: Assets/Scripts/Camera/CameraControl.cs
  artifactKey: Guid(c54e3c1f18f8cbb49b10f5e2dc8a1865) Importer(815301076,1909f56bfc062723c751e8b465ee728b)
Start importing Assets/Scripts/Camera/CameraControl.cs using Guid(c54e3c1f18f8cbb49b10f5e2dc8a1865) Importer(815301076,1909f56bfc062723c751e8b465ee728b)  -> (artifact id: '27024031406bb1438d087bd605457a51') in 0.003807 seconds 
  Import took 0.008674 seconds .

========================================================================
Received Prepare
Registering precompiled user dll's ...
Registered in 0.008807 seconds.
Begin MonoManager ReloadAssembly
Native extension for WindowsStandalone target not found
Refreshing native plugins compatible for Editor in 0.68 ms, found 2 plugins.
Preloading 0 native plugins for Editor in 0.00 ms.
Mono: successfully reloaded assembly
- Completed reload, in  1.402 seconds
Platform modules already initialized, skipping
Refreshing native plugins compatible for Editor in 0.68 ms, found 2 plugins.
Preloading 0 native plugins for Editor in 0.00 ms.
Unloading 1736 Unused Serialized files (Serialized files now loaded: 0)
System memory in use before: 78.0 MB.
System memory in use after: 78.1 MB.

Unloading 35 unused Assets to reduce memory usage. Loaded Objects now: 2193.
Total: 2.849800 ms (FindLiveObjects: 0.319400 ms CreateObjectMapping: 0.132200 ms MarkObjects: 2.303500 ms  DeleteObjects: 0.093400 ms)

AssetImportParameters requested are different than current active one (requested -> active):
  custom:framework-win-MediaFoundation: 216162199b28c13a410421893ffa2e32 -> 
  custom:video-decoder-ogg-theora: a1e56fd34408186e4bbccfd4996cb3dc -> 
  custom:container-muxer-webm: aa71ff27fc2769a1b78a27578f13a17b -> 
  custom:container-demuxer-webm: 4f35f7cbe854078d1ac9338744f61a02 -> 
  custom:container-demuxer-ogg: 62fdf1f143b41e24485cea50d1cbac27 -> 
  custom:video-encoder-webm-vp8: eb34c28f22e8b96e1ab97ce403110664 -> 
  custom:video-decoder-webm-vp8: 9c59270c3fd7afecdb556c50c9e8de78 -> 
  custom:audio-decoder-ogg-vorbis: bf7c407c2cedff20999df2af8eb42d56 -> 
  custom:audio-encoder-webm-vorbis: bf7c407c2cedff20999df2af8eb42d56 -> 
========================================================================
Received Import Request.
  Time since last request: 87.875945 seconds.
  path: Assets/Scripts/Managers/GameManager.cs
  artifactKey: Guid(18e521b6f8588c44f9e68c769421eb47) Importer(815301076,1909f56bfc062723c751e8b465ee728b)
Start importing Assets/Scripts/Managers/GameManager.cs using Guid(18e521b6f8588c44f9e68c769421eb47) Importer(815301076,1909f56bfc062723c751e8b465ee728b)  -> (artifact id: 'be163ebe4356103073512b2eeb19e8f7') in 0.012209 seconds 
  Import took 0.015933 seconds .

========================================================================
Received Import Request.
  Time since last request: 0.002344 seconds.
  path: Assets/Scripts/Managers/GameManager.cs
  artifactKey: Guid(18e521b6f8588c44f9e68c769421eb47) Importer(815301076,1909f56bfc062723c751e8b465ee728b)
Start importing Assets/Scripts/Managers/GameManager.cs using Guid(18e521b6f8588c44f9e68c769421eb47) Importer(815301076,1909f56bfc062723c751e8b465ee728b)  -> (artifact id: 'be163ebe4356103073512b2eeb19e8f7') in 0.002784 seconds 
  Import took 0.006676 seconds .

========================================================================
Received Prepare
Registering precompiled user dll's ...
Registered in 0.005519 seconds.
Begin MonoManager ReloadAssembly
Native extension for WindowsStandalone target not found
Refreshing native plugins compatible for Editor in 0.64 ms, found 2 plugins.
Preloading 0 native plugins for Editor in 0.00 ms.
Mono: successfully reloaded assembly
- Completed reload, in  1.255 seconds
Platform modules already initialized, skipping
Refreshing native plugins compatible for Editor in 0.62 ms, found 2 plugins.
Preloading 0 native plugins for Editor in 0.00 ms.
Unloading 1736 Unused Serialized files (Serialized files now loaded: 0)
System memory in use before: 78.1 MB.
System memory in use after: 78.2 MB.

Unloading 35 unused Assets to reduce memory usage. Loaded Objects now: 2196.
Total: 2.581300 ms (FindLiveObjects: 0.182000 ms CreateObjectMapping: 0.074000 ms MarkObjects: 2.250300 ms  DeleteObjects: 0.073700 ms)

AssetImportParameters requested are different than current active one (requested -> active):
  custom:framework-win-MediaFoundation: 216162199b28c13a410421893ffa2e32 -> 
  custom:video-decoder-ogg-theora: a1e56fd34408186e4bbccfd4996cb3dc -> 
  custom:container-muxer-webm: aa71ff27fc2769a1b78a27578f13a17b -> 
  custom:container-demuxer-webm: 4f35f7cbe854078d1ac9338744f61a02 -> 
  custom:container-demuxer-ogg: 62fdf1f143b41e24485cea50d1cbac27 -> 
  custom:video-encoder-webm-vp8: eb34c28f22e8b96e1ab97ce403110664 -> 
  custom:video-decoder-webm-vp8: 9c59270c3fd7afecdb556c50c9e8de78 -> 
  custom:audio-decoder-ogg-vorbis: bf7c407c2cedff20999df2af8eb42d56 -> 
  custom:audio-encoder-webm-vorbis: bf7c407c2cedff20999df2af8eb42d56 -> 
========================================================================
Received Import Request.
  Time since last request: 300.284934 seconds.
  path: Assets/Prefabs/Tank.prefab
  artifactKey: Guid(d6deb0d6ed101914384fe7b406fdae5f) Importer(815301076,1909f56bfc062723c751e8b465ee728b)
Start importing Assets/Prefabs/Tank.prefab using Guid(d6deb0d6ed101914384fe7b406fdae5f) Importer(815301076,1909f56bfc062723c751e8b465ee728b)  -> (artifact id: 'b0a438968c73b4282290ab11a3f539ad') in 0.224026 seconds 
  Import took 0.228480 seconds .

========================================================================
Received Prepare
Registering precompiled user dll's ...
Registered in 0.005492 seconds.
Begin MonoManager ReloadAssembly
Native extension for WindowsStandalone target not found
Refreshing native plugins compatible for Editor in 0.76 ms, found 2 plugins.
Preloading 0 native plugins for Editor in 0.00 ms.
Mono: successfully reloaded assembly
- Completed reload, in  1.289 seconds
Platform modules already initialized, skipping
Refreshing native plugins compatible for Editor in 0.62 ms, found 2 plugins.
Preloading 0 native plugins for Editor in 0.00 ms.
Unloading 1736 Unused Serialized files (Serialized files now loaded: 0)
System memory in use before: 81.3 MB.
System memory in use after: 81.4 MB.

Unloading 35 unused Assets to reduce memory usage. Loaded Objects now: 2207.
Total: 2.589800 ms (FindLiveObjects: 0.201100 ms CreateObjectMapping: 0.070000 ms MarkObjects: 2.252700 ms  DeleteObjects: 0.065000 ms)

AssetImportParameters requested are different than current active one (requested -> active):
  custom:framework-win-MediaFoundation: 216162199b28c13a410421893ffa2e32 -> 
  custom:video-decoder-ogg-theora: a1e56fd34408186e4bbccfd4996cb3dc -> 
  custom:container-muxer-webm: aa71ff27fc2769a1b78a27578f13a17b -> 
  custom:container-demuxer-webm: 4f35f7cbe854078d1ac9338744f61a02 -> 
  custom:container-demuxer-ogg: 62fdf1f143b41e24485cea50d1cbac27 -> 
  custom:video-encoder-webm-vp8: eb34c28f22e8b96e1ab97ce403110664 -> 
  custom:video-decoder-webm-vp8: 9c59270c3fd7afecdb556c50c9e8de78 -> 
  custom:audio-decoder-ogg-vorbis: bf7c407c2cedff20999df2af8eb42d56 -> 
  custom:audio-encoder-webm-vorbis: bf7c407c2cedff20999df2af8eb42d56 -> 
========================================================================
Received Import Request.
  Time since last request: 330.695318 seconds.
  path: Assets/AudioMixer
  artifactKey: Guid(a25894136b42c3a42a15f5e79d7e7bae) Importer(815301076,1909f56bfc062723c751e8b465ee728b)
Start importing Assets/AudioMixer using Guid(a25894136b42c3a42a15f5e79d7e7bae) Importer(815301076,1909f56bfc062723c751e8b465ee728b)  -> (artifact id: '7ecedcdfb017506bd063d5498a4b8a97') in 0.010545 seconds 
  Import took 0.014310 seconds .

========================================================================
Received Import Request.
  Time since last request: 15.903571 seconds.
  path: Assets/AudioMixer/MainMix.mixer
  artifactKey: Guid(33935dc434374314bac451e42fe7df97) Importer(815301076,1909f56bfc062723c751e8b465ee728b)
Start importing Assets/AudioMixer/MainMix.mixer using Guid(33935dc434374314bac451e42fe7df97) Importer(815301076,1909f56bfc062723c751e8b465ee728b)  -> (artifact id: 'b237d43d21f51cd505c791b88ee56d5d') in 0.032285 seconds 
  Import took 0.035652 seconds .

========================================================================
Received Import Request.
  Time since last request: 63.981399 seconds.
  path: Assets/AudioMixer/MainMix.mixer
  artifactKey: Guid(33935dc434374314bac451e42fe7df97) Importer(815301076,1909f56bfc062723c751e8b465ee728b)
Start importing Assets/AudioMixer/MainMix.mixer using Guid(33935dc434374314bac451e42fe7df97) Importer(815301076,1909f56bfc062723c751e8b465ee728b)  -> (artifact id: 'e44fb273ef1d3b1d97e670b62dfb6938') in 0.003441 seconds 
  Import took 0.006883 seconds .

========================================================================
Received Import Request.
  Time since last request: 0.515493 seconds.
  path: Assets/AudioMixer/MainMix.mixer
  artifactKey: Guid(33935dc434374314bac451e42fe7df97) Importer(815301076,1909f56bfc062723c751e8b465ee728b)
Start importing Assets/AudioMixer/MainMix.mixer using Guid(33935dc434374314bac451e42fe7df97) Importer(815301076,1909f56bfc062723c751e8b465ee728b)  -> (artifact id: 'e44fb273ef1d3b1d97e670b62dfb6938') in 0.003615 seconds 
  Import took 0.007054 seconds .

========================================================================
Received Import Request.
  Time since last request: 2.066629 seconds.
  path: Assets/AudioMixer/MainMix.mixer
  artifactKey: Guid(33935dc434374314bac451e42fe7df97) Importer(815301076,1909f56bfc062723c751e8b465ee728b)
Start importing Assets/AudioMixer/MainMix.mixer using Guid(33935dc434374314bac451e42fe7df97) Importer(815301076,1909f56bfc062723c751e8b465ee728b)  -> (artifact id: '5535e5a37505c51aa7310f8a8002e3ca') in 0.003869 seconds 
  Import took 0.007904 seconds .

========================================================================
Received Import Request.
  Time since last request: 16.747528 seconds.
  path: Assets/AudioMixer/MainMix.mixer
  artifactKey: Guid(33935dc434374314bac451e42fe7df97) Importer(815301076,1909f56bfc062723c751e8b465ee728b)
Start importing Assets/AudioMixer/MainMix.mixer using Guid(33935dc434374314bac451e42fe7df97) Importer(815301076,1909f56bfc062723c751e8b465ee728b)  -> (artifact id: '6796972ec031e3528193e851e63865ac') in 0.003749 seconds 
  Import took 0.008354 seconds .

========================================================================
Received Import Request.
  Time since last request: 0.042668 seconds.
  path: Assets/AudioMixer/MainMix.mixer
  artifactKey: Guid(33935dc434374314bac451e42fe7df97) Importer(815301076,1909f56bfc062723c751e8b465ee728b)
Start importing Assets/AudioMixer/MainMix.mixer using Guid(33935dc434374314bac451e42fe7df97) Importer(815301076,1909f56bfc062723c751e8b465ee728b)  -> (artifact id: '6796972ec031e3528193e851e63865ac') in 0.004150 seconds 
  Import took 0.008649 seconds .

========================================================================
Received Import Request.
  Time since last request: 3.417473 seconds.
  path: Assets/AudioMixer/MainMix.mixer
  artifactKey: Guid(33935dc434374314bac451e42fe7df97) Importer(815301076,1909f56bfc062723c751e8b465ee728b)
Start importing Assets/AudioMixer/MainMix.mixer using Guid(33935dc434374314bac451e42fe7df97) Importer(815301076,1909f56bfc062723c751e8b465ee728b)  -> (artifact id: '25d0df990f26e42010f4e2cabff68538') in 0.003502 seconds 
  Import took 0.008493 seconds .

========================================================================
Received Import Request.
  Time since last request: 4.901622 seconds.
  path: Assets/AudioMixer/MainMix.mixer
  artifactKey: Guid(33935dc434374314bac451e42fe7df97) Importer(815301076,1909f56bfc062723c751e8b465ee728b)
Start importing Assets/AudioMixer/MainMix.mixer using Guid(33935dc434374314bac451e42fe7df97) Importer(815301076,1909f56bfc062723c751e8b465ee728b)  -> (artifact id: '7705ade1dfa785c61ffa60b53fc92c9a') in 0.003034 seconds 
  Import took 0.006435 seconds .

========================================================================
Received Import Request.
  Time since last request: 0.037047 seconds.
  path: Assets/AudioMixer/MainMix.mixer
  artifactKey: Guid(33935dc434374314bac451e42fe7df97) Importer(815301076,1909f56bfc062723c751e8b465ee728b)
Start importing Assets/AudioMixer/MainMix.mixer using Guid(33935dc434374314bac451e42fe7df97) Importer(815301076,1909f56bfc062723c751e8b465ee728b)  -> (artifact id: '7705ade1dfa785c61ffa60b53fc92c9a') in 0.003436 seconds 
  Import took 0.007289 seconds .

========================================================================
Received Import Request.
  Time since last request: 2.643982 seconds.
  path: Assets/AudioMixer/MainMix.mixer
  artifactKey: Guid(33935dc434374314bac451e42fe7df97) Importer(815301076,1909f56bfc062723c751e8b465ee728b)
Start importing Assets/AudioMixer/MainMix.mixer using Guid(33935dc434374314bac451e42fe7df97) Importer(815301076,1909f56bfc062723c751e8b465ee728b)  -> (artifact id: '6d30e96cfec2af5a233b421d2c427acc') in 0.003959 seconds 
  Import took 0.007690 seconds .

========================================================================
Received Import Request.
  Time since last request: 72.453892 seconds.
  path: Assets/Prefabs/Tank.prefab
  artifactKey: Guid(d6deb0d6ed101914384fe7b406fdae5f) Importer(815301076,1909f56bfc062723c751e8b465ee728b)
Start importing Assets/Prefabs/Tank.prefab using Guid(d6deb0d6ed101914384fe7b406fdae5f) Importer(815301076,1909f56bfc062723c751e8b465ee728b)  -> (artifact id: '39605f041452ef26f98fa40b602662b8') in 0.093460 seconds 
  Import took 0.098530 seconds .

========================================================================
Received Import Request.
  Time since last request: 17.502548 seconds.
  path: Assets/Prefabs/Tank.prefab
  artifactKey: Guid(d6deb0d6ed101914384fe7b406fdae5f) Importer(815301076,1909f56bfc062723c751e8b465ee728b)
Start importing Assets/Prefabs/Tank.prefab using Guid(d6deb0d6ed101914384fe7b406fdae5f) Importer(815301076,1909f56bfc062723c751e8b465ee728b)  -> (artifact id: 'a2b8c64382daca7c898c3716f8ad3cf2') in 0.040640 seconds 
  Import took 0.045099 seconds .

========================================================================
Received Import Request.
  Time since last request: 0.016877 seconds.
  path: Assets/Prefabs/Tank.prefab
  artifactKey: Guid(d6deb0d6ed101914384fe7b406fdae5f) Importer(815301076,1909f56bfc062723c751e8b465ee728b)
Start importing Assets/Prefabs/Tank.prefab using Guid(d6deb0d6ed101914384fe7b406fdae5f) Importer(815301076,1909f56bfc062723c751e8b465ee728b)  -> (artifact id: 'a2b8c64382daca7c898c3716f8ad3cf2') in 0.026084 seconds 
  Import took 0.031296 seconds .

========================================================================
Received Import Request.
  Time since last request: 25.737641 seconds.
  path: Assets/Prefabs/Shell.prefab
  artifactKey: Guid(98a49d96e9b46c649999f7adc8f6e99b) Importer(815301076,1909f56bfc062723c751e8b465ee728b)
Start importing Assets/Prefabs/Shell.prefab using Guid(98a49d96e9b46c649999f7adc8f6e99b) Importer(815301076,1909f56bfc062723c751e8b465ee728b)  -> (artifact id: '86238dbf8fb0e172554f1f522700f478') in 0.027205 seconds 
  Import took 0.031394 seconds .

========================================================================
Received Import Request.
  Time since last request: 0.079341 seconds.
  path: Assets/Prefabs/Shell.prefab
  artifactKey: Guid(98a49d96e9b46c649999f7adc8f6e99b) Importer(815301076,1909f56bfc062723c751e8b465ee728b)
Start importing Assets/Prefabs/Shell.prefab using Guid(98a49d96e9b46c649999f7adc8f6e99b) Importer(815301076,1909f56bfc062723c751e8b465ee728b)  -> (artifact id: '86238dbf8fb0e172554f1f522700f478') in 0.012722 seconds 
  Import took 0.017432 seconds .

========================================================================
Received Import Request.
  Time since last request: 49.252929 seconds.
  path: Assets/Prefabs/ShellExplosion.prefab
  artifactKey: Guid(89e78efe92dfe5a42837b392cdb0bf9e) Importer(815301076,1909f56bfc062723c751e8b465ee728b)
Start importing Assets/Prefabs/ShellExplosion.prefab using Guid(89e78efe92dfe5a42837b392cdb0bf9e) Importer(815301076,1909f56bfc062723c751e8b465ee728b)  -> (artifact id: '2e5bb74b3ffa30f4e96f3cf67d3eb715') in 0.011180 seconds 
  Import took 0.015043 seconds .

========================================================================
Received Import Request.
  Time since last request: 3.151478 seconds.
  path: Assets/Prefabs/ShellExplosion.prefab
  artifactKey: Guid(89e78efe92dfe5a42837b392cdb0bf9e) Importer(815301076,1909f56bfc062723c751e8b465ee728b)
Start importing Assets/Prefabs/ShellExplosion.prefab using Guid(89e78efe92dfe5a42837b392cdb0bf9e) Importer(815301076,1909f56bfc062723c751e8b465ee728b)  -> (artifact id: 'ffaf1b6d66e9f53e568062c0d0f11b8f') in 0.006097 seconds 
  Import took 0.010224 seconds .

========================================================================
Received Import Request.
  Time since last request: 4.980551 seconds.
  path: Assets/Prefabs/ShellExplosion.prefab
  artifactKey: Guid(89e78efe92dfe5a42837b392cdb0bf9e) Importer(815301076,1909f56bfc062723c751e8b465ee728b)
Start importing Assets/Prefabs/ShellExplosion.prefab using Guid(89e78efe92dfe5a42837b392cdb0bf9e) Importer(815301076,1909f56bfc062723c751e8b465ee728b)  -> (artifact id: 'a7b6229c2ee769b996c36a6ab7502962') in 0.005540 seconds 
  Import took 0.009336 seconds .

========================================================================
Received Prepare
Registering precompiled user dll's ...
Registered in 0.005523 seconds.
Begin MonoManager ReloadAssembly
Native extension for WindowsStandalone target not found
Refreshing native plugins compatible for Editor in 0.63 ms, found 2 plugins.
Preloading 0 native plugins for Editor in 0.00 ms.
Mono: successfully reloaded assembly
- Completed reload, in  1.219 seconds
Platform modules already initialized, skipping
Refreshing native plugins compatible for Editor in 0.62 ms, found 2 plugins.
Preloading 0 native plugins for Editor in 0.00 ms.
Unloading 1736 Unused Serialized files (Serialized files now loaded: 0)
System memory in use before: 81.4 MB.
System memory in use after: 81.5 MB.

Unloading 37 unused Assets to reduce memory usage. Loaded Objects now: 2211.
Total: 2.551300 ms (FindLiveObjects: 0.203000 ms CreateObjectMapping: 0.072800 ms MarkObjects: 2.197000 ms  DeleteObjects: 0.077700 ms)

AssetImportParameters requested are different than current active one (requested -> active):
  custom:framework-win-MediaFoundation: 216162199b28c13a410421893ffa2e32 -> 
  custom:video-decoder-ogg-theora: a1e56fd34408186e4bbccfd4996cb3dc -> 
  custom:container-muxer-webm: aa71ff27fc2769a1b78a27578f13a17b -> 
  custom:container-demuxer-webm: 4f35f7cbe854078d1ac9338744f61a02 -> 
  custom:container-demuxer-ogg: 62fdf1f143b41e24485cea50d1cbac27 -> 
  custom:video-encoder-webm-vp8: eb34c28f22e8b96e1ab97ce403110664 -> 
  custom:video-decoder-webm-vp8: 9c59270c3fd7afecdb556c50c9e8de78 -> 
  custom:audio-decoder-ogg-vorbis: bf7c407c2cedff20999df2af8eb42d56 -> 
  custom:audio-encoder-webm-vorbis: bf7c407c2cedff20999df2af8eb42d56 -> 
========================================================================
Received Import Request.
  Time since last request: 201.772401 seconds.
  path: Assets/Prefabs/Tank.prefab
  artifactKey: Guid(d6deb0d6ed101914384fe7b406fdae5f) Importer(815301076,1909f56bfc062723c751e8b465ee728b)
Start importing Assets/Prefabs/Tank.prefab using Guid(d6deb0d6ed101914384fe7b406fdae5f) Importer(815301076,1909f56bfc062723c751e8b465ee728b)  -> (artifact id: '79d3ff30839f4cef01e88670eccec078') in 0.101667 seconds 
  Import took 0.108540 seconds .

========================================================================
Received Prepare
Registering precompiled user dll's ...
Registered in 0.005493 seconds.
Begin MonoManager ReloadAssembly
Native extension for WindowsStandalone target not found
Refreshing native plugins compatible for Editor in 0.70 ms, found 2 plugins.
Preloading 0 native plugins for Editor in 0.00 ms.
Mono: successfully reloaded assembly
- Completed reload, in  1.236 seconds
Platform modules already initialized, skipping
Refreshing native plugins compatible for Editor in 0.64 ms, found 2 plugins.
Preloading 0 native plugins for Editor in 0.00 ms.
Unloading 1736 Unused Serialized files (Serialized files now loaded: 0)
System memory in use before: 81.4 MB.
System memory in use after: 81.5 MB.

Unloading 35 unused Assets to reduce memory usage. Loaded Objects now: 2215.
Total: 2.824500 ms (FindLiveObjects: 0.201300 ms CreateObjectMapping: 0.074500 ms MarkObjects: 2.483200 ms  DeleteObjects: 0.064300 ms)

AssetImportParameters requested are different than current active one (requested -> active):
  custom:framework-win-MediaFoundation: 216162199b28c13a410421893ffa2e32 -> 
  custom:video-decoder-ogg-theora: a1e56fd34408186e4bbccfd4996cb3dc -> 
  custom:container-muxer-webm: aa71ff27fc2769a1b78a27578f13a17b -> 
  custom:container-demuxer-webm: 4f35f7cbe854078d1ac9338744f61a02 -> 
  custom:container-demuxer-ogg: 62fdf1f143b41e24485cea50d1cbac27 -> 
  custom:video-encoder-webm-vp8: eb34c28f22e8b96e1ab97ce403110664 -> 
  custom:video-decoder-webm-vp8: 9c59270c3fd7afecdb556c50c9e8de78 -> 
  custom:audio-decoder-ogg-vorbis: bf7c407c2cedff20999df2af8eb42d56 -> 
  custom:audio-encoder-webm-vorbis: bf7c407c2cedff20999df2af8eb42d56 -> 
========================================================================
Received Import Request.
  Time since last request: 223.985659 seconds.
  path: Assets/TutorialInfo/Icons/Tanks.png
  artifactKey: Guid(c2ba67de6ba421d448a8711b1c45413e) Importer(815301076,1909f56bfc062723c751e8b465ee728b)
Start importing Assets/TutorialInfo/Icons/Tanks.png using Guid(c2ba67de6ba421d448a8711b1c45413e) Importer(815301076,1909f56bfc062723c751e8b465ee728b)  -> (artifact id: '5bb49dc8ba29513eabe8f3d6f8ffacd1') in 0.099275 seconds 
  Import took 0.103166 seconds .

========================================================================
Received Prepare
Registering precompiled user dll's ...
Registered in 0.005446 seconds.
Begin MonoManager ReloadAssembly
Native extension for WindowsStandalone target not found
Refreshing native plugins compatible for Editor in 0.63 ms, found 2 plugins.
Preloading 0 native plugins for Editor in 0.00 ms.
Mono: successfully reloaded assembly
- Completed reload, in  1.237 seconds
Platform modules already initialized, skipping
Refreshing native plugins compatible for Editor in 0.63 ms, found 2 plugins.
Preloading 0 native plugins for Editor in 0.00 ms.
Unloading 1736 Unused Serialized files (Serialized files now loaded: 0)
System memory in use before: 81.4 MB.
System memory in use after: 81.5 MB.

Unloading 35 unused Assets to reduce memory usage. Loaded Objects now: 2219.
Total: 2.538700 ms (FindLiveObjects: 0.205200 ms CreateObjectMapping: 0.072400 ms MarkObjects: 2.195600 ms  DeleteObjects: 0.064200 ms)

AssetImportParameters requested are different than current active one (requested -> active):
  custom:framework-win-MediaFoundation: 216162199b28c13a410421893ffa2e32 -> 
  custom:video-decoder-ogg-theora: a1e56fd34408186e4bbccfd4996cb3dc -> 
  custom:container-muxer-webm: aa71ff27fc2769a1b78a27578f13a17b -> 
  custom:container-demuxer-webm: 4f35f7cbe854078d1ac9338744f61a02 -> 
  custom:container-demuxer-ogg: 62fdf1f143b41e24485cea50d1cbac27 -> 
  custom:video-encoder-webm-vp8: eb34c28f22e8b96e1ab97ce403110664 -> 
  custom:video-decoder-webm-vp8: 9c59270c3fd7afecdb556c50c9e8de78 -> 
  custom:audio-decoder-ogg-vorbis: bf7c407c2cedff20999df2af8eb42d56 -> 
  custom:audio-encoder-webm-vorbis: bf7c407c2cedff20999df2af8eb42d56 -> 
========================================================================
Received Prepare
Refreshing native plugins compatible for Editor in 6.98 ms, found 2 plugins.
Preloading 0 native plugins for Editor in 0.00 ms.
Unloading 33 Unused Serialized files (Serialized files now loaded: 0)
System memory in use before: 47.8 MB.
System memory in use after: 47.9 MB.

Unloading 33 unused Assets to reduce memory usage. Loaded Objects now: 2219.
Total: 2.623500 ms (FindLiveObjects: 0.223300 ms CreateObjectMapping: 0.082800 ms MarkObjects: 2.251800 ms  DeleteObjects: 0.064200 ms)

AssetImportParameters requested are different than current active one (requested -> active):
  custom:framework-win-MediaFoundation: 216162199b28c13a410421893ffa2e32 -> 
  custom:video-decoder-ogg-theora: a1e56fd34408186e4bbccfd4996cb3dc -> 
  custom:container-muxer-webm: aa71ff27fc2769a1b78a27578f13a17b -> 
  custom:container-demuxer-webm: 4f35f7cbe854078d1ac9338744f61a02 -> 
  custom:container-demuxer-ogg: 62fdf1f143b41e24485cea50d1cbac27 -> 
  custom:video-encoder-webm-vp8: eb34c28f22e8b96e1ab97ce403110664 -> 
  custom:video-decoder-webm-vp8: 9c59270c3fd7afecdb556c50c9e8de78 -> 
  custom:audio-decoder-ogg-vorbis: bf7c407c2cedff20999df2af8eb42d56 -> 
  custom:audio-encoder-webm-vorbis: bf7c407c2cedff20999df2af8eb42d56 -> 
AssetImportWorkerClient::OnTransportError - code=2 error=End of file
