Using pre-set license
Built from '2020.3/release' branch; Version is '2020.3.12f1 (b3b2c6512326) revision 11776710'; Using compiler version '192528614'; Build Type 'Release'
OS: 'Windows 10 Enterprise; OS build 19042.1110; Version 2009; 64bit' Language: 'en' Physical Memory: 16226 MB
BatchMode: 1, IsHumanControllingUs: 0, StartBugReporterOnCrash: 0, Is64bit: 1, IsPro: 0

 COMMAND LINE ARGUMENTS:
C:\Program Files\Unity\Hub\Editor\2020.3.12f1\Editor\Unity.exe
-adb2
-batchMode
-noUpm
-name
AssetImportWorker0
-projectPath
D:/Project Unity/Tanks
-logFile
Logs/AssetImportWorker0.log
-srvPort
60601
Successfully changed project path to: D:/Project Unity/Tanks
D:/Project Unity/Tanks
Using Asset Import Pipeline V2.
Refreshing native plugins compatible for Editor in 55.00 ms, found 2 plugins.
Preloading 0 native plugins for Editor in 0.00 ms.
Initialize engine version: 2020.3.12f1 (b3b2c6512326)
[Subsystems] Discovering subsystems at path C:/Program Files/Unity/Hub/Editor/2020.3.12f1/Editor/Data/Resources/UnitySubsystems
[Subsystems] Discovering subsystems at path D:/Project Unity/Tanks/Assets
GfxDevice: creating device client; threaded=0
Direct3D:
    Version:  Direct3D 11.0 [level 11.1]
    Renderer: NVIDIA GeForce GTX 1050 Ti (ID=0x1c8c)
    Vendor:   
    VRAM:     4018 MB
    Driver:   26.21.14.4219
Initialize mono
Mono path[0] = 'C:/Program Files/Unity/Hub/Editor/2020.3.12f1/Editor/Data/Managed'
Mono path[1] = 'C:/Program Files/Unity/Hub/Editor/2020.3.12f1/Editor/Data/MonoBleedingEdge/lib/mono/unityjit'
Mono config path = 'C:/Program Files/Unity/Hub/Editor/2020.3.12f1/Editor/Data/MonoBleedingEdge/etc'
Using monoOptions --debugger-agent=transport=dt_socket,embedding=1,server=y,suspend=n,address=127.0.0.1:56964
Begin MonoManager ReloadAssembly
Registering precompiled unity dll's ...
Register platform support module: C:/Program Files/Unity/Hub/Editor/2020.3.12f1/Editor/Data/PlaybackEngines/WindowsStandaloneSupport/UnityEditor.WindowsStandalone.Extensions.dll
Registered in 0.002870 seconds.
Native extension for WindowsStandalone target not found
Refreshing native plugins compatible for Editor in 48.96 ms, found 2 plugins.
Preloading 0 native plugins for Editor in 0.00 ms.
Mono: successfully reloaded assembly
- Completed reload, in  1.459 seconds
Platform modules already initialized, skipping
Registering precompiled user dll's ...
Registered in 0.005743 seconds.
Begin MonoManager ReloadAssembly
Native extension for WindowsStandalone target not found
Refreshing native plugins compatible for Editor in 0.61 ms, found 2 plugins.
Preloading 0 native plugins for Editor in 0.00 ms.
Mono: successfully reloaded assembly
- Completed reload, in  1.310 seconds
Platform modules already initialized, skipping
========================================================================
Worker process is ready to serve import requests
Launched and connected shader compiler UnityShaderCompiler.exe after 0.05 seconds
Refreshing native plugins compatible for Editor in 0.65 ms, found 2 plugins.
Preloading 0 native plugins for Editor in 0.00 ms.
Unloading 1769 Unused Serialized files (Serialized files now loaded: 0)
System memory in use before: 80.8 MB.
System memory in use after: 80.9 MB.

Unloading 44 unused Assets to reduce memory usage. Loaded Objects now: 2189.
Total: 2.706800 ms (FindLiveObjects: 0.208600 ms CreateObjectMapping: 0.074900 ms MarkObjects: 2.320900 ms  DeleteObjects: 0.101300 ms)

AssetImportParameters requested are different than current active one (requested -> active):
  custom:framework-win-MediaFoundation: 216162199b28c13a410421893ffa2e32 -> 
  custom:video-decoder-ogg-theora: a1e56fd34408186e4bbccfd4996cb3dc -> 
  custom:container-muxer-webm: aa71ff27fc2769a1b78a27578f13a17b -> 
  custom:container-demuxer-webm: 4f35f7cbe854078d1ac9338744f61a02 -> 
  custom:container-demuxer-ogg: 62fdf1f143b41e24485cea50d1cbac27 -> 
  custom:video-encoder-webm-vp8: eb34c28f22e8b96e1ab97ce403110664 -> 
  custom:video-decoder-webm-vp8: 9c59270c3fd7afecdb556c50c9e8de78 -> 
  custom:audio-decoder-ogg-vorbis: bf7c407c2cedff20999df2af8eb42d56 -> 
  custom:audio-encoder-webm-vorbis: bf7c407c2cedff20999df2af8eb42d56 -> 
========================================================================
Received Import Request.
  path: Assets/Scripts/UI/UIDirectionControl.cs
  artifactKey: Guid(88aed18ae5498b84bb8411ee4db7802f) Importer(815301076,1909f56bfc062723c751e8b465ee728b)
Start importing Assets/Scripts/UI/UIDirectionControl.cs using Guid(88aed18ae5498b84bb8411ee4db7802f) Importer(815301076,1909f56bfc062723c751e8b465ee728b)  -> (artifact id: 'be98677bdbb18c1f5b39b4bdcc167126') in 0.059136 seconds 
  Import took 0.062448 seconds .

========================================================================
Received Import Request.
  Time since last request: 43.732005 seconds.
  path: Assets/Scripts/UI/UIDirectionControl.cs
  artifactKey: Guid(88aed18ae5498b84bb8411ee4db7802f) Importer(815301076,1909f56bfc062723c751e8b465ee728b)
Start importing Assets/Scripts/UI/UIDirectionControl.cs using Guid(88aed18ae5498b84bb8411ee4db7802f) Importer(815301076,1909f56bfc062723c751e8b465ee728b)  -> (artifact id: '8ec3a6447697a3f5ff9fc65ca625dcc8') in 0.002578 seconds 
  Import took 0.006423 seconds .

========================================================================
Received Prepare
Registering precompiled user dll's ...
Registered in 0.005471 seconds.
Begin MonoManager ReloadAssembly
Native extension for WindowsStandalone target not found
Refreshing native plugins compatible for Editor in 0.98 ms, found 2 plugins.
Preloading 0 native plugins for Editor in 0.00 ms.
Mono: successfully reloaded assembly
- Completed reload, in  1.384 seconds
Platform modules already initialized, skipping
Refreshing native plugins compatible for Editor in 0.68 ms, found 2 plugins.
Preloading 0 native plugins for Editor in 0.00 ms.
Unloading 1736 Unused Serialized files (Serialized files now loaded: 0)
System memory in use before: 78.0 MB.
System memory in use after: 78.0 MB.

Unloading 35 unused Assets to reduce memory usage. Loaded Objects now: 2192.
Total: 3.980400 ms (FindLiveObjects: 0.272700 ms CreateObjectMapping: 0.096700 ms MarkObjects: 3.450800 ms  DeleteObjects: 0.156500 ms)

AssetImportParameters requested are different than current active one (requested -> active):
  custom:framework-win-MediaFoundation: 216162199b28c13a410421893ffa2e32 -> 
  custom:video-decoder-ogg-theora: a1e56fd34408186e4bbccfd4996cb3dc -> 
  custom:container-muxer-webm: aa71ff27fc2769a1b78a27578f13a17b -> 
  custom:container-demuxer-webm: 4f35f7cbe854078d1ac9338744f61a02 -> 
  custom:container-demuxer-ogg: 62fdf1f143b41e24485cea50d1cbac27 -> 
  custom:video-encoder-webm-vp8: eb34c28f22e8b96e1ab97ce403110664 -> 
  custom:video-decoder-webm-vp8: 9c59270c3fd7afecdb556c50c9e8de78 -> 
  custom:audio-decoder-ogg-vorbis: bf7c407c2cedff20999df2af8eb42d56 -> 
  custom:audio-encoder-webm-vorbis: bf7c407c2cedff20999df2af8eb42d56 -> 
========================================================================
Received Import Request.
  Time since last request: 98.374816 seconds.
  path: Assets/Prefabs/Tank.prefab
  artifactKey: Guid(d6deb0d6ed101914384fe7b406fdae5f) Importer(815301076,1909f56bfc062723c751e8b465ee728b)
Start importing Assets/Prefabs/Tank.prefab using Guid(d6deb0d6ed101914384fe7b406fdae5f) Importer(815301076,1909f56bfc062723c751e8b465ee728b)  -> (artifact id: '300ae7f3646cf3ec36780588cc7443f0') in 0.132111 seconds 
  Import took 0.136073 seconds .

========================================================================
Received Import Request.
  Time since last request: 91.142092 seconds.
  path: Assets/Prefabs/TankExplosion.prefab
  artifactKey: Guid(ee49a9a8678ecf8468eb488e1ac8d42b) Importer(815301076,1909f56bfc062723c751e8b465ee728b)
Start importing Assets/Prefabs/TankExplosion.prefab using Guid(ee49a9a8678ecf8468eb488e1ac8d42b) Importer(815301076,1909f56bfc062723c751e8b465ee728b)  -> (artifact id: '4149139c4d1c370e6a38f50286a6b00e') in 0.010992 seconds 
  Import took 0.015811 seconds .

========================================================================
Received Import Request.
  Time since last request: 66.945142 seconds.
  path: Assets/Scripts/Tank
  artifactKey: Guid(46e032e6247865441876c868e03138e3) Importer(815301076,1909f56bfc062723c751e8b465ee728b)
Start importing Assets/Scripts/Tank using Guid(46e032e6247865441876c868e03138e3) Importer(815301076,1909f56bfc062723c751e8b465ee728b)  -> (artifact id: '6d2ca3aaea89749844de22258addf354') in 0.002544 seconds 
  Import took 0.006186 seconds .

========================================================================
Received Import Request.
  Time since last request: 33.562164 seconds.
  path: Assets/Scripts/Tank/TankHealth.cs
  artifactKey: Guid(8326b9dca06e5bc4885942c9371f51f1) Importer(815301076,1909f56bfc062723c751e8b465ee728b)
Start importing Assets/Scripts/Tank/TankHealth.cs using Guid(8326b9dca06e5bc4885942c9371f51f1) Importer(815301076,1909f56bfc062723c751e8b465ee728b)  -> (artifact id: '751531f377cf046e17335e995bac772d') in 0.009297 seconds 
  Import took 0.012904 seconds .

========================================================================
Received Prepare
Registering precompiled user dll's ...
Registered in 0.005698 seconds.
Begin MonoManager ReloadAssembly
Native extension for WindowsStandalone target not found
Refreshing native plugins compatible for Editor in 0.63 ms, found 2 plugins.
Preloading 0 native plugins for Editor in 0.00 ms.
Mono: successfully reloaded assembly
- Completed reload, in  1.248 seconds
Platform modules already initialized, skipping
Refreshing native plugins compatible for Editor in 0.84 ms, found 2 plugins.
Preloading 0 native plugins for Editor in 0.00 ms.
Unloading 1736 Unused Serialized files (Serialized files now loaded: 0)
System memory in use before: 81.1 MB.
System memory in use after: 81.2 MB.

Unloading 35 unused Assets to reduce memory usage. Loaded Objects now: 2203.
Total: 2.786900 ms (FindLiveObjects: 0.210700 ms CreateObjectMapping: 0.073000 ms MarkObjects: 2.430900 ms  DeleteObjects: 0.070800 ms)

AssetImportParameters requested are different than current active one (requested -> active):
  custom:framework-win-MediaFoundation: 216162199b28c13a410421893ffa2e32 -> 
  custom:video-decoder-ogg-theora: a1e56fd34408186e4bbccfd4996cb3dc -> 
  custom:container-muxer-webm: aa71ff27fc2769a1b78a27578f13a17b -> 
  custom:container-demuxer-webm: 4f35f7cbe854078d1ac9338744f61a02 -> 
  custom:container-demuxer-ogg: 62fdf1f143b41e24485cea50d1cbac27 -> 
  custom:video-encoder-webm-vp8: eb34c28f22e8b96e1ab97ce403110664 -> 
  custom:video-decoder-webm-vp8: 9c59270c3fd7afecdb556c50c9e8de78 -> 
  custom:audio-decoder-ogg-vorbis: bf7c407c2cedff20999df2af8eb42d56 -> 
  custom:audio-encoder-webm-vorbis: bf7c407c2cedff20999df2af8eb42d56 -> 
========================================================================
Received Import Request.
  Time since last request: 28.886066 seconds.
  path: Assets/Scripts/Tank/TankHealth.cs
  artifactKey: Guid(8326b9dca06e5bc4885942c9371f51f1) Importer(815301076,1909f56bfc062723c751e8b465ee728b)
Start importing Assets/Scripts/Tank/TankHealth.cs using Guid(8326b9dca06e5bc4885942c9371f51f1) Importer(815301076,1909f56bfc062723c751e8b465ee728b)  -> (artifact id: 'fd55f0abafac6ebbbfe73182c6bc2f89') in 0.008167 seconds 
  Import took 0.011875 seconds .

========================================================================
Received Prepare
Registering precompiled user dll's ...
Registered in 0.007720 seconds.
Begin MonoManager ReloadAssembly
Native extension for WindowsStandalone target not found
Refreshing native plugins compatible for Editor in 0.71 ms, found 2 plugins.
Preloading 0 native plugins for Editor in 0.00 ms.
Mono: successfully reloaded assembly
- Completed reload, in  1.252 seconds
Platform modules already initialized, skipping
Refreshing native plugins compatible for Editor in 0.73 ms, found 2 plugins.
Preloading 0 native plugins for Editor in 0.00 ms.
Unloading 1736 Unused Serialized files (Serialized files now loaded: 0)
System memory in use before: 81.2 MB.
System memory in use after: 81.3 MB.

Unloading 35 unused Assets to reduce memory usage. Loaded Objects now: 2206.
Total: 2.541300 ms (FindLiveObjects: 0.203400 ms CreateObjectMapping: 0.069900 ms MarkObjects: 2.205400 ms  DeleteObjects: 0.061400 ms)

AssetImportParameters requested are different than current active one (requested -> active):
  custom:framework-win-MediaFoundation: 216162199b28c13a410421893ffa2e32 -> 
  custom:video-decoder-ogg-theora: a1e56fd34408186e4bbccfd4996cb3dc -> 
  custom:container-muxer-webm: aa71ff27fc2769a1b78a27578f13a17b -> 
  custom:container-demuxer-webm: 4f35f7cbe854078d1ac9338744f61a02 -> 
  custom:container-demuxer-ogg: 62fdf1f143b41e24485cea50d1cbac27 -> 
  custom:video-encoder-webm-vp8: eb34c28f22e8b96e1ab97ce403110664 -> 
  custom:video-decoder-webm-vp8: 9c59270c3fd7afecdb556c50c9e8de78 -> 
  custom:audio-decoder-ogg-vorbis: bf7c407c2cedff20999df2af8eb42d56 -> 
  custom:audio-encoder-webm-vorbis: bf7c407c2cedff20999df2af8eb42d56 -> 
========================================================================
Received Prepare
Registering precompiled user dll's ...
Registered in 0.005586 seconds.
Begin MonoManager ReloadAssembly
Native extension for WindowsStandalone target not found
Refreshing native plugins compatible for Editor in 0.63 ms, found 2 plugins.
Preloading 0 native plugins for Editor in 0.00 ms.
Mono: successfully reloaded assembly
- Completed reload, in  1.218 seconds
Platform modules already initialized, skipping
Refreshing native plugins compatible for Editor in 0.62 ms, found 2 plugins.
Preloading 0 native plugins for Editor in 0.00 ms.
Unloading 1736 Unused Serialized files (Serialized files now loaded: 0)
System memory in use before: 81.2 MB.
System memory in use after: 81.3 MB.

Unloading 35 unused Assets to reduce memory usage. Loaded Objects now: 2209.
Total: 2.568700 ms (FindLiveObjects: 0.195400 ms CreateObjectMapping: 0.067800 ms MarkObjects: 2.239500 ms  DeleteObjects: 0.064800 ms)

AssetImportParameters requested are different than current active one (requested -> active):
  custom:framework-win-MediaFoundation: 216162199b28c13a410421893ffa2e32 -> 
  custom:video-decoder-ogg-theora: a1e56fd34408186e4bbccfd4996cb3dc -> 
  custom:container-muxer-webm: aa71ff27fc2769a1b78a27578f13a17b -> 
  custom:container-demuxer-webm: 4f35f7cbe854078d1ac9338744f61a02 -> 
  custom:container-demuxer-ogg: 62fdf1f143b41e24485cea50d1cbac27 -> 
  custom:video-encoder-webm-vp8: eb34c28f22e8b96e1ab97ce403110664 -> 
  custom:video-decoder-webm-vp8: 9c59270c3fd7afecdb556c50c9e8de78 -> 
  custom:audio-decoder-ogg-vorbis: bf7c407c2cedff20999df2af8eb42d56 -> 
  custom:audio-encoder-webm-vorbis: bf7c407c2cedff20999df2af8eb42d56 -> 
========================================================================
Received Prepare
Registering precompiled user dll's ...
Registered in 0.005616 seconds.
Begin MonoManager ReloadAssembly
Native extension for WindowsStandalone target not found
Refreshing native plugins compatible for Editor in 0.63 ms, found 2 plugins.
Preloading 0 native plugins for Editor in 0.00 ms.
Mono: successfully reloaded assembly
- Completed reload, in  1.242 seconds
Platform modules already initialized, skipping
Refreshing native plugins compatible for Editor in 0.63 ms, found 2 plugins.
Preloading 0 native plugins for Editor in 0.00 ms.
Unloading 1736 Unused Serialized files (Serialized files now loaded: 0)
System memory in use before: 81.2 MB.
System memory in use after: 81.3 MB.

Unloading 35 unused Assets to reduce memory usage. Loaded Objects now: 2212.
Total: 2.546600 ms (FindLiveObjects: 0.207800 ms CreateObjectMapping: 0.072600 ms MarkObjects: 2.198600 ms  DeleteObjects: 0.066300 ms)

AssetImportParameters requested are different than current active one (requested -> active):
  custom:framework-win-MediaFoundation: 216162199b28c13a410421893ffa2e32 -> 
  custom:video-decoder-ogg-theora: a1e56fd34408186e4bbccfd4996cb3dc -> 
  custom:container-muxer-webm: aa71ff27fc2769a1b78a27578f13a17b -> 
  custom:container-demuxer-webm: 4f35f7cbe854078d1ac9338744f61a02 -> 
  custom:container-demuxer-ogg: 62fdf1f143b41e24485cea50d1cbac27 -> 
  custom:video-encoder-webm-vp8: eb34c28f22e8b96e1ab97ce403110664 -> 
  custom:video-decoder-webm-vp8: 9c59270c3fd7afecdb556c50c9e8de78 -> 
  custom:audio-decoder-ogg-vorbis: bf7c407c2cedff20999df2af8eb42d56 -> 
  custom:audio-encoder-webm-vorbis: bf7c407c2cedff20999df2af8eb42d56 -> 
========================================================================
Received Prepare
Registering precompiled user dll's ...
Registered in 0.005778 seconds.
Begin MonoManager ReloadAssembly
Native extension for WindowsStandalone target not found
Refreshing native plugins compatible for Editor in 0.63 ms, found 2 plugins.
Preloading 0 native plugins for Editor in 0.00 ms.
Mono: successfully reloaded assembly
- Completed reload, in  1.215 seconds
Platform modules already initialized, skipping
Refreshing native plugins compatible for Editor in 0.62 ms, found 2 plugins.
Preloading 0 native plugins for Editor in 0.00 ms.
Unloading 1736 Unused Serialized files (Serialized files now loaded: 0)
System memory in use before: 81.2 MB.
System memory in use after: 81.3 MB.

Unloading 35 unused Assets to reduce memory usage. Loaded Objects now: 2215.
Total: 2.562600 ms (FindLiveObjects: 0.202700 ms CreateObjectMapping: 0.072300 ms MarkObjects: 2.198500 ms  DeleteObjects: 0.088000 ms)

AssetImportParameters requested are different than current active one (requested -> active):
  custom:framework-win-MediaFoundation: 216162199b28c13a410421893ffa2e32 -> 
  custom:video-decoder-ogg-theora: a1e56fd34408186e4bbccfd4996cb3dc -> 
  custom:container-muxer-webm: aa71ff27fc2769a1b78a27578f13a17b -> 
  custom:container-demuxer-webm: 4f35f7cbe854078d1ac9338744f61a02 -> 
  custom:container-demuxer-ogg: 62fdf1f143b41e24485cea50d1cbac27 -> 
  custom:video-encoder-webm-vp8: eb34c28f22e8b96e1ab97ce403110664 -> 
  custom:video-decoder-webm-vp8: 9c59270c3fd7afecdb556c50c9e8de78 -> 
  custom:audio-decoder-ogg-vorbis: bf7c407c2cedff20999df2af8eb42d56 -> 
  custom:audio-encoder-webm-vorbis: bf7c407c2cedff20999df2af8eb42d56 -> 
========================================================================
Received Prepare
Registering precompiled user dll's ...
Registered in 0.007031 seconds.
Begin MonoManager ReloadAssembly
Native extension for WindowsStandalone target not found
Refreshing native plugins compatible for Editor in 0.65 ms, found 2 plugins.
Preloading 0 native plugins for Editor in 0.00 ms.
Mono: successfully reloaded assembly
- Completed reload, in  1.229 seconds
Platform modules already initialized, skipping
Refreshing native plugins compatible for Editor in 0.66 ms, found 2 plugins.
Preloading 0 native plugins for Editor in 0.00 ms.
Unloading 1736 Unused Serialized files (Serialized files now loaded: 0)
System memory in use before: 81.2 MB.
System memory in use after: 81.3 MB.

Unloading 35 unused Assets to reduce memory usage. Loaded Objects now: 2218.
Total: 2.607700 ms (FindLiveObjects: 0.190600 ms CreateObjectMapping: 0.078500 ms MarkObjects: 2.275000 ms  DeleteObjects: 0.062400 ms)

AssetImportParameters requested are different than current active one (requested -> active):
  custom:framework-win-MediaFoundation: 216162199b28c13a410421893ffa2e32 -> 
  custom:video-decoder-ogg-theora: a1e56fd34408186e4bbccfd4996cb3dc -> 
  custom:container-muxer-webm: aa71ff27fc2769a1b78a27578f13a17b -> 
  custom:container-demuxer-webm: 4f35f7cbe854078d1ac9338744f61a02 -> 
  custom:container-demuxer-ogg: 62fdf1f143b41e24485cea50d1cbac27 -> 
  custom:video-encoder-webm-vp8: eb34c28f22e8b96e1ab97ce403110664 -> 
  custom:video-decoder-webm-vp8: 9c59270c3fd7afecdb556c50c9e8de78 -> 
  custom:audio-decoder-ogg-vorbis: bf7c407c2cedff20999df2af8eb42d56 -> 
  custom:audio-encoder-webm-vorbis: bf7c407c2cedff20999df2af8eb42d56 -> 
========================================================================
Received Prepare
Registering precompiled user dll's ...
Registered in 0.005501 seconds.
Begin MonoManager ReloadAssembly
Native extension for WindowsStandalone target not found
Refreshing native plugins compatible for Editor in 0.69 ms, found 2 plugins.
Preloading 0 native plugins for Editor in 0.00 ms.
Mono: successfully reloaded assembly
- Completed reload, in  1.249 seconds
Platform modules already initialized, skipping
Refreshing native plugins compatible for Editor in 0.64 ms, found 2 plugins.
Preloading 0 native plugins for Editor in 0.00 ms.
Unloading 1736 Unused Serialized files (Serialized files now loaded: 0)
System memory in use before: 81.2 MB.
System memory in use after: 81.3 MB.

Unloading 35 unused Assets to reduce memory usage. Loaded Objects now: 2221.
Total: 2.588700 ms (FindLiveObjects: 0.205100 ms CreateObjectMapping: 0.068100 ms MarkObjects: 2.247200 ms  DeleteObjects: 0.067200 ms)

AssetImportParameters requested are different than current active one (requested -> active):
  custom:framework-win-MediaFoundation: 216162199b28c13a410421893ffa2e32 -> 
  custom:video-decoder-ogg-theora: a1e56fd34408186e4bbccfd4996cb3dc -> 
  custom:container-muxer-webm: aa71ff27fc2769a1b78a27578f13a17b -> 
  custom:container-demuxer-webm: 4f35f7cbe854078d1ac9338744f61a02 -> 
  custom:container-demuxer-ogg: 62fdf1f143b41e24485cea50d1cbac27 -> 
  custom:video-encoder-webm-vp8: eb34c28f22e8b96e1ab97ce403110664 -> 
  custom:video-decoder-webm-vp8: 9c59270c3fd7afecdb556c50c9e8de78 -> 
  custom:audio-decoder-ogg-vorbis: bf7c407c2cedff20999df2af8eb42d56 -> 
  custom:audio-encoder-webm-vorbis: bf7c407c2cedff20999df2af8eb42d56 -> 
========================================================================
Received Import Request.
  Time since last request: 2141.637917 seconds.
  path: Assets/Scripts/Shell/ShellExplosion.cs
  artifactKey: Guid(4a77fdcebbe85f14ab98dfad5da07c20) Importer(815301076,1909f56bfc062723c751e8b465ee728b)
Start importing Assets/Scripts/Shell/ShellExplosion.cs using Guid(4a77fdcebbe85f14ab98dfad5da07c20) Importer(815301076,1909f56bfc062723c751e8b465ee728b)  -> (artifact id: '00b455f728e5334891cbdc32b005753a') in 0.010193 seconds 
  Import took 0.013786 seconds .

========================================================================
Received Prepare
Registering precompiled user dll's ...
Registered in 0.005436 seconds.
Begin MonoManager ReloadAssembly
Native extension for WindowsStandalone target not found
Refreshing native plugins compatible for Editor in 0.62 ms, found 2 plugins.
Preloading 0 native plugins for Editor in 0.00 ms.
Mono: successfully reloaded assembly
- Completed reload, in  1.235 seconds
Platform modules already initialized, skipping
Refreshing native plugins compatible for Editor in 0.63 ms, found 2 plugins.
Preloading 0 native plugins for Editor in 0.00 ms.
Unloading 1736 Unused Serialized files (Serialized files now loaded: 0)
System memory in use before: 81.2 MB.
System memory in use after: 81.3 MB.

Unloading 35 unused Assets to reduce memory usage. Loaded Objects now: 2224.
Total: 2.743800 ms (FindLiveObjects: 0.206800 ms CreateObjectMapping: 0.078200 ms MarkObjects: 2.386200 ms  DeleteObjects: 0.070800 ms)

AssetImportParameters requested are different than current active one (requested -> active):
  custom:framework-win-MediaFoundation: 216162199b28c13a410421893ffa2e32 -> 
  custom:video-decoder-ogg-theora: a1e56fd34408186e4bbccfd4996cb3dc -> 
  custom:container-muxer-webm: aa71ff27fc2769a1b78a27578f13a17b -> 
  custom:container-demuxer-webm: 4f35f7cbe854078d1ac9338744f61a02 -> 
  custom:container-demuxer-ogg: 62fdf1f143b41e24485cea50d1cbac27 -> 
  custom:video-encoder-webm-vp8: eb34c28f22e8b96e1ab97ce403110664 -> 
  custom:video-decoder-webm-vp8: 9c59270c3fd7afecdb556c50c9e8de78 -> 
  custom:audio-decoder-ogg-vorbis: bf7c407c2cedff20999df2af8eb42d56 -> 
  custom:audio-encoder-webm-vorbis: bf7c407c2cedff20999df2af8eb42d56 -> 
========================================================================
Received Import Request.
  Time since last request: 84.064817 seconds.
  path: Assets/Scripts/Shell/ShellExplosion.cs
  artifactKey: Guid(4a77fdcebbe85f14ab98dfad5da07c20) Importer(815301076,1909f56bfc062723c751e8b465ee728b)
Start importing Assets/Scripts/Shell/ShellExplosion.cs using Guid(4a77fdcebbe85f14ab98dfad5da07c20) Importer(815301076,1909f56bfc062723c751e8b465ee728b)  -> (artifact id: 'da62c25cf6a3f18d83f5609b61000f47') in 0.004941 seconds 
  Import took 0.008523 seconds .

========================================================================
Received Prepare
Registering precompiled user dll's ...
Registered in 0.005438 seconds.
Begin MonoManager ReloadAssembly
Native extension for WindowsStandalone target not found
Refreshing native plugins compatible for Editor in 0.69 ms, found 2 plugins.
Preloading 0 native plugins for Editor in 0.00 ms.
Mono: successfully reloaded assembly
- Completed reload, in  1.237 seconds
Platform modules already initialized, skipping
Refreshing native plugins compatible for Editor in 0.67 ms, found 2 plugins.
Preloading 0 native plugins for Editor in 0.00 ms.
Unloading 1736 Unused Serialized files (Serialized files now loaded: 0)
System memory in use before: 81.3 MB.
System memory in use after: 81.3 MB.

Unloading 35 unused Assets to reduce memory usage. Loaded Objects now: 2227.
Total: 2.595000 ms (FindLiveObjects: 0.183200 ms CreateObjectMapping: 0.071100 ms MarkObjects: 2.271000 ms  DeleteObjects: 0.068500 ms)

AssetImportParameters requested are different than current active one (requested -> active):
  custom:framework-win-MediaFoundation: 216162199b28c13a410421893ffa2e32 -> 
  custom:video-decoder-ogg-theora: a1e56fd34408186e4bbccfd4996cb3dc -> 
  custom:container-muxer-webm: aa71ff27fc2769a1b78a27578f13a17b -> 
  custom:container-demuxer-webm: 4f35f7cbe854078d1ac9338744f61a02 -> 
  custom:container-demuxer-ogg: 62fdf1f143b41e24485cea50d1cbac27 -> 
  custom:video-encoder-webm-vp8: eb34c28f22e8b96e1ab97ce403110664 -> 
  custom:video-decoder-webm-vp8: 9c59270c3fd7afecdb556c50c9e8de78 -> 
  custom:audio-decoder-ogg-vorbis: bf7c407c2cedff20999df2af8eb42d56 -> 
  custom:audio-encoder-webm-vorbis: bf7c407c2cedff20999df2af8eb42d56 -> 
========================================================================
Received Import Request.
  Time since last request: 139.859352 seconds.
  path: Assets/Prefabs/Shell.prefab
  artifactKey: Guid(98a49d96e9b46c649999f7adc8f6e99b) Importer(815301076,1909f56bfc062723c751e8b465ee728b)
Start importing Assets/Prefabs/Shell.prefab using Guid(98a49d96e9b46c649999f7adc8f6e99b) Importer(815301076,1909f56bfc062723c751e8b465ee728b)  -> (artifact id: 'f37dead872d2f910fd0ac76cd92c7323') in 0.102079 seconds 
  Import took 0.107265 seconds .

========================================================================
Received Prepare
Registering precompiled user dll's ...
Registered in 0.008630 seconds.
Begin MonoManager ReloadAssembly
Native extension for WindowsStandalone target not found
Refreshing native plugins compatible for Editor in 0.67 ms, found 2 plugins.
Preloading 0 native plugins for Editor in 0.00 ms.
Mono: successfully reloaded assembly
- Completed reload, in  1.247 seconds
Platform modules already initialized, skipping
Refreshing native plugins compatible for Editor in 0.63 ms, found 2 plugins.
Preloading 0 native plugins for Editor in 0.00 ms.
Unloading 1736 Unused Serialized files (Serialized files now loaded: 0)
System memory in use before: 81.3 MB.
System memory in use after: 81.4 MB.

Unloading 37 unused Assets to reduce memory usage. Loaded Objects now: 2232.
Total: 2.607900 ms (FindLiveObjects: 0.200700 ms CreateObjectMapping: 0.067400 ms MarkObjects: 2.259200 ms  DeleteObjects: 0.079600 ms)

AssetImportParameters requested are different than current active one (requested -> active):
  custom:framework-win-MediaFoundation: 216162199b28c13a410421893ffa2e32 -> 
  custom:video-decoder-ogg-theora: a1e56fd34408186e4bbccfd4996cb3dc -> 
  custom:container-muxer-webm: aa71ff27fc2769a1b78a27578f13a17b -> 
  custom:container-demuxer-webm: 4f35f7cbe854078d1ac9338744f61a02 -> 
  custom:container-demuxer-ogg: 62fdf1f143b41e24485cea50d1cbac27 -> 
  custom:video-encoder-webm-vp8: eb34c28f22e8b96e1ab97ce403110664 -> 
  custom:video-decoder-webm-vp8: 9c59270c3fd7afecdb556c50c9e8de78 -> 
  custom:audio-decoder-ogg-vorbis: bf7c407c2cedff20999df2af8eb42d56 -> 
  custom:audio-encoder-webm-vorbis: bf7c407c2cedff20999df2af8eb42d56 -> 
========================================================================
Received Prepare
Registering precompiled user dll's ...
Registered in 0.005706 seconds.
Begin MonoManager ReloadAssembly
Native extension for WindowsStandalone target not found
Refreshing native plugins compatible for Editor in 0.63 ms, found 2 plugins.
Preloading 0 native plugins for Editor in 0.00 ms.
Mono: successfully reloaded assembly
- Completed reload, in  1.244 seconds
Platform modules already initialized, skipping
Refreshing native plugins compatible for Editor in 0.63 ms, found 2 plugins.
Preloading 0 native plugins for Editor in 0.00 ms.
Unloading 1736 Unused Serialized files (Serialized files now loaded: 0)
System memory in use before: 81.4 MB.
System memory in use after: 81.4 MB.

Unloading 35 unused Assets to reduce memory usage. Loaded Objects now: 2235.
Total: 2.604200 ms (FindLiveObjects: 0.204300 ms CreateObjectMapping: 0.070600 ms MarkObjects: 2.265800 ms  DeleteObjects: 0.062400 ms)

AssetImportParameters requested are different than current active one (requested -> active):
  custom:framework-win-MediaFoundation: 216162199b28c13a410421893ffa2e32 -> 
  custom:video-decoder-ogg-theora: a1e56fd34408186e4bbccfd4996cb3dc -> 
  custom:container-muxer-webm: aa71ff27fc2769a1b78a27578f13a17b -> 
  custom:container-demuxer-webm: 4f35f7cbe854078d1ac9338744f61a02 -> 
  custom:container-demuxer-ogg: 62fdf1f143b41e24485cea50d1cbac27 -> 
  custom:video-encoder-webm-vp8: eb34c28f22e8b96e1ab97ce403110664 -> 
  custom:video-decoder-webm-vp8: 9c59270c3fd7afecdb556c50c9e8de78 -> 
  custom:audio-decoder-ogg-vorbis: bf7c407c2cedff20999df2af8eb42d56 -> 
  custom:audio-encoder-webm-vorbis: bf7c407c2cedff20999df2af8eb42d56 -> 
========================================================================
Received Import Request.
  Time since last request: 231.871671 seconds.
  path: Assets/Scripts/Shell/ShellExplosion.cs
  artifactKey: Guid(4a77fdcebbe85f14ab98dfad5da07c20) Importer(815301076,1909f56bfc062723c751e8b465ee728b)
Start importing Assets/Scripts/Shell/ShellExplosion.cs using Guid(4a77fdcebbe85f14ab98dfad5da07c20) Importer(815301076,1909f56bfc062723c751e8b465ee728b)  -> (artifact id: '9ee2afebaec1e9c3d8087f5315a6d3c9') in 0.004978 seconds 
  Import took 0.008342 seconds .

========================================================================
Received Prepare
Registering precompiled user dll's ...
Registered in 0.005450 seconds.
Begin MonoManager ReloadAssembly
Native extension for WindowsStandalone target not found
Refreshing native plugins compatible for Editor in 0.63 ms, found 2 plugins.
Preloading 0 native plugins for Editor in 0.00 ms.
Mono: successfully reloaded assembly
- Completed reload, in  1.246 seconds
Platform modules already initialized, skipping
Refreshing native plugins compatible for Editor in 0.69 ms, found 2 plugins.
Preloading 0 native plugins for Editor in 0.00 ms.
Unloading 1736 Unused Serialized files (Serialized files now loaded: 0)
System memory in use before: 81.4 MB.
System memory in use after: 81.4 MB.

Unloading 35 unused Assets to reduce memory usage. Loaded Objects now: 2238.
Total: 2.442500 ms (FindLiveObjects: 0.176900 ms CreateObjectMapping: 0.066200 ms MarkObjects: 2.134000 ms  DeleteObjects: 0.064100 ms)

AssetImportParameters requested are different than current active one (requested -> active):
  custom:framework-win-MediaFoundation: 216162199b28c13a410421893ffa2e32 -> 
  custom:video-decoder-ogg-theora: a1e56fd34408186e4bbccfd4996cb3dc -> 
  custom:container-muxer-webm: aa71ff27fc2769a1b78a27578f13a17b -> 
  custom:container-demuxer-webm: 4f35f7cbe854078d1ac9338744f61a02 -> 
  custom:container-demuxer-ogg: 62fdf1f143b41e24485cea50d1cbac27 -> 
  custom:video-encoder-webm-vp8: eb34c28f22e8b96e1ab97ce403110664 -> 
  custom:video-decoder-webm-vp8: 9c59270c3fd7afecdb556c50c9e8de78 -> 
  custom:audio-decoder-ogg-vorbis: bf7c407c2cedff20999df2af8eb42d56 -> 
  custom:audio-encoder-webm-vorbis: bf7c407c2cedff20999df2af8eb42d56 -> 
========================================================================
Received Import Request.
  Time since last request: 1002.851939 seconds.
  path: Assets/Scripts/Tank/TankShooting.cs
  artifactKey: Guid(06b38fa3f5188f6419ab17bc1669c18c) Importer(815301076,1909f56bfc062723c751e8b465ee728b)
Start importing Assets/Scripts/Tank/TankShooting.cs using Guid(06b38fa3f5188f6419ab17bc1669c18c) Importer(815301076,1909f56bfc062723c751e8b465ee728b)  -> (artifact id: 'a83b16283913dbeb995c14d932593d03') in 0.013950 seconds 
  Import took 0.018350 seconds .

========================================================================
Received Prepare
Registering precompiled user dll's ...
Registered in 0.005494 seconds.
Begin MonoManager ReloadAssembly
Native extension for WindowsStandalone target not found
Refreshing native plugins compatible for Editor in 0.68 ms, found 2 plugins.
Preloading 0 native plugins for Editor in 0.00 ms.
Mono: successfully reloaded assembly
- Completed reload, in  1.278 seconds
Platform modules already initialized, skipping
Refreshing native plugins compatible for Editor in 0.65 ms, found 2 plugins.
Preloading 0 native plugins for Editor in 0.00 ms.
Unloading 1736 Unused Serialized files (Serialized files now loaded: 0)
System memory in use before: 81.4 MB.
System memory in use after: 81.5 MB.

Unloading 35 unused Assets to reduce memory usage. Loaded Objects now: 2241.
Total: 2.699600 ms (FindLiveObjects: 0.205300 ms CreateObjectMapping: 0.068100 ms MarkObjects: 2.353000 ms  DeleteObjects: 0.071900 ms)

AssetImportParameters requested are different than current active one (requested -> active):
  custom:framework-win-MediaFoundation: 216162199b28c13a410421893ffa2e32 -> 
  custom:video-decoder-ogg-theora: a1e56fd34408186e4bbccfd4996cb3dc -> 
  custom:container-muxer-webm: aa71ff27fc2769a1b78a27578f13a17b -> 
  custom:container-demuxer-webm: 4f35f7cbe854078d1ac9338744f61a02 -> 
  custom:container-demuxer-ogg: 62fdf1f143b41e24485cea50d1cbac27 -> 
  custom:video-encoder-webm-vp8: eb34c28f22e8b96e1ab97ce403110664 -> 
  custom:video-decoder-webm-vp8: 9c59270c3fd7afecdb556c50c9e8de78 -> 
  custom:audio-decoder-ogg-vorbis: bf7c407c2cedff20999df2af8eb42d56 -> 
  custom:audio-encoder-webm-vorbis: bf7c407c2cedff20999df2af8eb42d56 -> 
========================================================================
Received Import Request.
  Time since last request: 24.354059 seconds.
  path: Assets/Scripts/Tank/TankShooting.cs
  artifactKey: Guid(06b38fa3f5188f6419ab17bc1669c18c) Importer(815301076,1909f56bfc062723c751e8b465ee728b)
Start importing Assets/Scripts/Tank/TankShooting.cs using Guid(06b38fa3f5188f6419ab17bc1669c18c) Importer(815301076,1909f56bfc062723c751e8b465ee728b)  -> (artifact id: '2d6040c25755ce7eb513d5711e5aac40') in 0.005167 seconds 
  Import took 0.008718 seconds .

========================================================================
Received Prepare
Registering precompiled user dll's ...
Registered in 0.005470 seconds.
Begin MonoManager ReloadAssembly
Native extension for WindowsStandalone target not found
Refreshing native plugins compatible for Editor in 1.31 ms, found 2 plugins.
Preloading 0 native plugins for Editor in 0.00 ms.
Mono: successfully reloaded assembly
- Completed reload, in  1.287 seconds
Platform modules already initialized, skipping
Refreshing native plugins compatible for Editor in 0.63 ms, found 2 plugins.
Preloading 0 native plugins for Editor in 0.00 ms.
Unloading 1736 Unused Serialized files (Serialized files now loaded: 0)
System memory in use before: 81.4 MB.
System memory in use after: 81.5 MB.

Unloading 35 unused Assets to reduce memory usage. Loaded Objects now: 2244.
Total: 2.705200 ms (FindLiveObjects: 0.236400 ms CreateObjectMapping: 0.075300 ms MarkObjects: 2.318400 ms  DeleteObjects: 0.073700 ms)

AssetImportParameters requested are different than current active one (requested -> active):
  custom:framework-win-MediaFoundation: 216162199b28c13a410421893ffa2e32 -> 
  custom:video-decoder-ogg-theora: a1e56fd34408186e4bbccfd4996cb3dc -> 
  custom:container-muxer-webm: aa71ff27fc2769a1b78a27578f13a17b -> 
  custom:container-demuxer-webm: 4f35f7cbe854078d1ac9338744f61a02 -> 
  custom:container-demuxer-ogg: 62fdf1f143b41e24485cea50d1cbac27 -> 
  custom:video-encoder-webm-vp8: eb34c28f22e8b96e1ab97ce403110664 -> 
  custom:video-decoder-webm-vp8: 9c59270c3fd7afecdb556c50c9e8de78 -> 
  custom:audio-decoder-ogg-vorbis: bf7c407c2cedff20999df2af8eb42d56 -> 
  custom:audio-encoder-webm-vorbis: bf7c407c2cedff20999df2af8eb42d56 -> 
========================================================================
Received Prepare
Registering precompiled user dll's ...
Registered in 0.008216 seconds.
Begin MonoManager ReloadAssembly
Native extension for WindowsStandalone target not found
Refreshing native plugins compatible for Editor in 0.64 ms, found 2 plugins.
Preloading 0 native plugins for Editor in 0.00 ms.
Mono: successfully reloaded assembly
- Completed reload, in  1.222 seconds
Platform modules already initialized, skipping
Refreshing native plugins compatible for Editor in 0.66 ms, found 2 plugins.
Preloading 0 native plugins for Editor in 0.00 ms.
Unloading 1736 Unused Serialized files (Serialized files now loaded: 0)
System memory in use before: 81.4 MB.
System memory in use after: 81.5 MB.

Unloading 35 unused Assets to reduce memory usage. Loaded Objects now: 2247.
Total: 2.569100 ms (FindLiveObjects: 0.201700 ms CreateObjectMapping: 0.068100 ms MarkObjects: 2.236000 ms  DeleteObjects: 0.062300 ms)

AssetImportParameters requested are different than current active one (requested -> active):
  custom:framework-win-MediaFoundation: 216162199b28c13a410421893ffa2e32 -> 
  custom:video-decoder-ogg-theora: a1e56fd34408186e4bbccfd4996cb3dc -> 
  custom:container-muxer-webm: aa71ff27fc2769a1b78a27578f13a17b -> 
  custom:container-demuxer-webm: 4f35f7cbe854078d1ac9338744f61a02 -> 
  custom:container-demuxer-ogg: 62fdf1f143b41e24485cea50d1cbac27 -> 
  custom:video-encoder-webm-vp8: eb34c28f22e8b96e1ab97ce403110664 -> 
  custom:video-decoder-webm-vp8: 9c59270c3fd7afecdb556c50c9e8de78 -> 
  custom:audio-decoder-ogg-vorbis: bf7c407c2cedff20999df2af8eb42d56 -> 
  custom:audio-encoder-webm-vorbis: bf7c407c2cedff20999df2af8eb42d56 -> 
AssetImportWorkerClient::OnTransportError - code=2 error=End of file
